[13-Aug-2024 18:49:02 UTC] PHP Warning:  Undefined variable $qsid in C:\Users\grand\Local Sites\Planty2\app\public\wp-content\plugins\child-theme-configurator\includes\classes\CSS.php on line 958
[13-Aug-2024 18:49:02 UTC] PHP Warning:  Undefined variable $qsid in C:\Users\grand\Local Sites\Planty2\app\public\wp-content\plugins\child-theme-configurator\includes\classes\CSS.php on line 960
[13-Aug-2024 18:49:02 UTC] PHP Warning:  Undefined variable $qsid in C:\Users\grand\Local Sites\Planty2\app\public\wp-content\plugins\child-theme-configurator\includes\classes\CSS.php on line 967
[13-Aug-2024 18:49:02 UTC] PHP Warning:  Undefined variable $qsid in C:\Users\grand\Local Sites\Planty2\app\public\wp-content\plugins\child-theme-configurator\includes\classes\CSS.php on line 968
[13-Aug-2024 18:49:02 UTC] PHP Warning:  Undefined variable $qsid in C:\Users\grand\Local Sites\Planty2\app\public\wp-content\plugins\child-theme-configurator\includes\classes\CSS.php on line 971
[13-Aug-2024 18:50:00 UTC] PHP Warning:  Undefined variable $qsid in C:\Users\grand\Local Sites\Planty2\app\public\wp-content\plugins\child-theme-configurator\includes\classes\CSS.php on line 958
[13-Aug-2024 18:50:00 UTC] PHP Warning:  Undefined variable $qsid in C:\Users\grand\Local Sites\Planty2\app\public\wp-content\plugins\child-theme-configurator\includes\classes\CSS.php on line 960
[13-Aug-2024 18:50:00 UTC] PHP Warning:  Undefined variable $qsid in C:\Users\grand\Local Sites\Planty2\app\public\wp-content\plugins\child-theme-configurator\includes\classes\CSS.php on line 967
[13-Aug-2024 18:50:00 UTC] PHP Warning:  Undefined variable $qsid in C:\Users\grand\Local Sites\Planty2\app\public\wp-content\plugins\child-theme-configurator\includes\classes\CSS.php on line 968
[13-Aug-2024 18:50:00 UTC] PHP Warning:  Undefined variable $qsid in C:\Users\grand\Local Sites\Planty2\app\public\wp-content\plugins\child-theme-configurator\includes\classes\CSS.php on line 971
[14-Aug-2024 14:42:23 UTC] PHP Warning:  file_get_contents(C:\Users\grand\Local Sites\Planty2\app\public/wp-content/plugins/ocean-extra/ocean-extra.php): Failed to open stream: No such file or directory in C:\Users\grand\Local Sites\Planty2\app\public\wp-includes\functions.php on line 6864
[16-Aug-2024 11:17:42 UTC] PHP Warning:  file_get_contents(C:\Users\grand\Local Sites\Planty2\app\public/wp-content/plugins/ocean-extra/ocean-extra.php): Failed to open stream: No such file or directory in C:\Users\grand\Local Sites\Planty2\app\public\wp-includes\functions.php on line 6864
[16-Aug-2024 11:19:10 UTC] PHP Warning:  file_get_contents(C:\Users\grand\Local Sites\Planty2\app\public/wp-content/plugins/ocean-extra/ocean-extra.php): Failed to open stream: No such file or directory in C:\Users\grand\Local Sites\Planty2\app\public\wp-includes\functions.php on line 6864
[17-Aug-2024 07:01:06 UTC] PHP Warning:  file_get_contents(C:\Users\grand\Local Sites\Planty2\app\public/wp-content/plugins/ocean-extra/ocean-extra.php): Failed to open stream: No such file or directory in C:\Users\grand\Local Sites\Planty2\app\public\wp-includes\functions.php on line 6864
[19-Aug-2024 06:15:06 UTC] PHP Warning:  file_get_contents(C:\Users\grand\Local Sites\Planty2\app\public/wp-content/plugins/ocean-extra/ocean-extra.php): Failed to open stream: No such file or directory in C:\Users\grand\Local Sites\Planty2\app\public\wp-includes\functions.php on line 6864
[20-Aug-2024 08:17:40 UTC] PHP Warning:  file_get_contents(C:\Users\grand\Local Sites\Planty2\app\public/wp-content/plugins/ocean-extra/ocean-extra.php): Failed to open stream: No such file or directory in C:\Users\grand\Local Sites\Planty2\app\public\wp-includes\functions.php on line 6864
[20-Aug-2024 08:18:33 UTC] PHP Warning:  file_get_contents(C:\Users\grand\Local Sites\Planty2\app\public/wp-content/plugins/ocean-extra/ocean-extra.php): Failed to open stream: No such file or directory in C:\Users\grand\Local Sites\Planty2\app\public\wp-includes\functions.php on line 6864
[20-Aug-2024 08:29:31 UTC] PHP Warning:  file_get_contents(C:\Users\grand\Local Sites\Planty2\app\public/wp-content/plugins/ocean-extra/ocean-extra.php): Failed to open stream: No such file or directory in C:\Users\grand\Local Sites\Planty2\app\public\wp-includes\functions.php on line 6864
[23-Aug-2024 13:33:33 UTC] PHP Warning:  Undefined array key "editor_post_id" in C:\Users\grand\Local Sites\Planty2\app\public\wp-content\plugins\elementor\core\documents-manager.php on line 513
[23-Aug-2024 13:33:33 UTC] PHP Fatal error:  Uncaught Error: Call to a member function is_built_with_elementor() on bool in C:\Users\grand\Local Sites\Planty2\app\public\wp-content\plugins\elementor\core\documents-manager.php:515
Stack trace:
#0 [internal function]: Elementor\Core\Documents_Manager->ajax_save(Array, Object(Elementor\Core\Common\Modules\Ajax\Module))
#1 C:\Users\grand\Local Sites\Planty2\app\public\wp-content\plugins\elementor\core\common\modules\ajax\module.php(176): call_user_func(Array, Array, Object(Elementor\Core\Common\Modules\Ajax\Module))
#2 C:\Users\grand\Local Sites\Planty2\app\public\wp-includes\class-wp-hook.php(324): Elementor\Core\Common\Modules\Ajax\Module->handle_ajax_request('')
#3 C:\Users\grand\Local Sites\Planty2\app\public\wp-includes\class-wp-hook.php(348): WP_Hook->apply_filters('', Array)
#4 C:\Users\grand\Local Sites\Planty2\app\public\wp-includes\plugin.php(517): WP_Hook->do_action(Array)
#5 C:\Users\grand\Local Sites\Planty2\app\public\wp-admin\admin-ajax.php(192): do_action('wp_ajax_element...')
#6 {main}
  thrown in C:\Users\grand\Local Sites\Planty2\app\public\wp-content\plugins\elementor\core\documents-manager.php on line 515
